# JRE version: Java(TM) SE Runtime Environment 18.9 (11.0.17+10) (build 11.0.17+10-LTS-269)
# Java VM: Java HotSpot(TM) 64-Bit Server VM 18.9 (11.0.17+10-LTS-269, mixed mode, tiered, compressed oops, g1 gc, windows-amd64)
Heap:
 garbage-first heap   total 262144K, used 105472K [0x00000000e0000000, 0x0000000100000000)
  region size 1024K, 46 young (47104K), 8 survivors (8192K)
 Metaspace       used 79057K, capacity 82014K, committed 82048K, reserved 325632K
  class space    used 10281K, capacity 11360K, committed 11392K, reserved 253952K
GC Heap History (10 events):
Event: 4.334 GC heap before
{Heap before GC invocations=8 (full 0):
 garbage-first heap   total 262144K, used 133995K [0x00000000e0000000, 0x0000000100000000)
  region size 1024K, 111 young (113664K), 6 survivors (6144K)
 Metaspace       used 45097K, capacity 46246K, committed 46464K, reserved 294912K
  class space    used 5849K, capacity 6270K, committed 6272K, reserved 253952K
}
Event: 4.343 GC heap after
{Heap after GC invocations=9 (full 0):
 garbage-first heap   total 262144K, used 31042K [0x00000000e0000000, 0x0000000100000000)
  region size 1024K, 14 young (14336K), 14 survivors (14336K)
 Metaspace       used 45097K, capacity 46246K, committed 46464K, reserved 294912K
  class space    used 5849K, capacity 6270K, committed 6272K, reserved 253952K
}
Event: 5.930 GC heap before
{Heap before GC invocations=9 (full 0):
 garbage-first heap   total 262144K, used 149826K [0x00000000e0000000, 0x0000000100000000)
  region size 1024K, 131 young (134144K), 14 survivors (14336K)
 Metaspace       used 58667K, capacity 60180K, committed 60288K, reserved 307200K
  class space    used 7730K, capacity 8341K, committed 8448K, reserved 253952K
}
Event: 5.944 GC heap after
{Heap after GC invocations=10 (full 0):
 garbage-first heap   total 262144K, used 37959K [0x00000000e0000000, 0x0000000100000000)
  region size 1024K, 15 young (15360K), 15 survivors (15360K)
 Metaspace       used 58667K, capacity 60180K, committed 60288K, reserved 307200K
  class space    used 7730K, capacity 8341K, committed 8448K, reserved 253952K
}
Event: 7.360 GC heap before
{Heap before GC invocations=11 (full 0):
 garbage-first heap   total 262144K, used 178247K [0x00000000e0000000, 0x0000000100000000)
  region size 1024K, 153 young (156672K), 15 survivors (15360K)
 Metaspace       used 64831K, capacity 66884K, committed 67072K, reserved 313344K
  class space    used 8584K, capacity 9356K, committed 9472K, reserved 253952K
}
Event: 7.374 GC heap after
{Heap after GC invocations=12 (full 0):
 garbage-first heap   total 262144K, used 46791K [0x00000000e0000000, 0x0000000100000000)
  region size 1024K, 16 young (16384K), 16 survivors (16384K)
 Metaspace       used 64831K, capacity 66884K, committed 67072K, reserved 313344K
  class space    used 8584K, capacity 9356K, committed 9472K, reserved 253952K
}
Event: 8.836 GC heap before
{Heap before GC invocations=12 (full 0):
 garbage-first heap   total 262144K, used 187079K [0x00000000e0000000, 0x0000000100000000)
  region size 1024K, 153 young (156672K), 16 survivors (16384K)
 Metaspace       used 73122K, capacity 75625K, committed 75904K, reserved 319488K
  class space    used 9639K, capacity 10529K, committed 10624K, reserved 253952K
}
Event: 8.855 GC heap after
{Heap after GC invocations=13 (full 0):
 garbage-first heap   total 262144K, used 62356K [0x00000000e0000000, 0x0000000100000000)
  region size 1024K, 20 young (20480K), 20 survivors (20480K)
 Metaspace       used 73122K, capacity 75625K, committed 75904K, reserved 319488K
  class space    used 9639K, capacity 10529K, committed 10624K, reserved 253952K
}
Event: 61.758 GC heap before
{Heap before GC invocations=13 (full 0):
 garbage-first heap   total 262144K, used 193428K [0x00000000e0000000, 0x0000000100000000)
  region size 1024K, 149 young (152576K), 20 survivors (20480K)
 Metaspace       used 78900K, capacity 81742K, committed 81792K, reserved 325632K
  class space    used 10280K, capacity 11357K, committed 11392K, reserved 253952K
}
Event: 61.791 GC heap after
{Heap after GC invocations=14 (full 0):
 garbage-first heap   total 262144K, used 67584K [0x00000000e0000000, 0x0000000100000000)
  region size 1024K, 8 young (8192K), 8 survivors (8192K)
 Metaspace       used 78900K, capacity 81742K, committed 81792K, reserved 325632K
  class space    used 10280K, capacity 11357K, committed 11392K, reserved 253952K
}

